<?xml version="1.0" encoding="UTF-8"?>
<coverage generated="1648997645811" clover="3.2.0">
  <project timestamp="1648997645812" name="All files">
    <metrics statements="2" coveredstatements="2" conditionals="0" coveredconditionals="0" methods="0" coveredmethods="0" elements="2" coveredelements="2" complexity="0" loc="2" ncloc="2" packages="1" files="1" classes="1"/>
    <file name="serverIP.js" path="C:\Users\Akira\Desktop\work\base-repo\SW-Development-Tool-And-Environments-Group1\frontend-demo-test\src\assets\server\serverIP.js">
      <metrics statements="2" coveredstatements="2" conditionals="0" coveredconditionals="0" methods="0" coveredmethods="0"/>
      <line num="1" count="1" type="stmt"/>
      <line num="2" count="1" type="stmt"/>
    </file>
  </project>
</coverage>
