{
  "C:\\Users\\Akira\\Desktop\\work\\base-repo\\SW-Development-Tool-And-Environments-Group1\\frontend-demo-test\\src\\assets\\server\\serverIP.js": {
    "path": "C:\\Users\\Akira\\Desktop\\work\\base-repo\\SW-Development-Tool-And-Environments-Group1\\frontend-demo-test\\src\\assets\\server\\serverIP.js",
    "statementMap": {
      "0": {
        "start": { "line": 1, "column": 25 },
        "end": { "line": 1, "column": 54 }
      },
      "1": {
        "start": { "line": 2, "column": 20 },
        "end": { "line": 2, "column": 25 }
      }
    },
    "fnMap": {},
    "branchMap": {},
    "s": { "0": 1, "1": 1 },
    "f": {},
    "b": {},
    "_coverageSchema": "1a1c01bbd47fc00a2c39e90264f33305004495a9",
    "hash": "4c9988684ea3bd0e02817ef6eef4357063f4c29e"
  }
}
